  Building Custom Rule C:/Users/wenbl13/Desktop/logan_reg/libs/niftyReg/niftyreg-git/reg-lib/cuda/CMakeLists.txt
  CMake is re-running because C:/Users/wenbl13/Desktop/logan_reg/libs/niftyReg/niftyreg-git/niftyreg-build/reg-lib/cuda/CMakeFiles/generate.stamp is out-of-date.
    the file 'C:/Users/wenbl13/Desktop/logan_reg/libs/niftyReg/niftyreg-git/niftyreg-build/reg-lib/cuda/CMakeFiles/_reg_common_cuda.dir/_reg_common_cuda_generated__reg_common_cuda.cu.obj.depend'
    is newer than 'C:/Users/wenbl13/Desktop/logan_reg/libs/niftyReg/niftyreg-git/niftyreg-build/reg-lib/cuda/CMakeFiles/generate.stamp.depend'
    result='-1'
  CMake Warning (dev) at CMakeLists.txt:1 (project):
    cmake_minimum_required() should be called prior to this top-level project()
    call.  Please see the cmake-commands(7) manual for usage documentation of
    both commands.
  This warning is for project developers.  Use -Wno-dev to suppress it.
  
  -- Selecting Windows SDK version 10.0.22000.0 to target Windows 10.0.19044.
  -- Found Git
  -- Found OpenMP
  -- Found CUDA (v11.3) and a CUDA-enabled card (capability 86)
  -- Could NOT find Doxygen (missing: DOXYGEN_EXECUTABLE) 
  -- Configuring done (5.1s)
  -- Generating done (2.5s)
  -- Build files have been written to: C:/Users/wenbl13/Desktop/logan_reg/libs/niftyReg/niftyreg-git/niftyreg-build
  _reg_cudainfo.cpp
  _reg_cudainfo.vcxproj -> C:\Users\wenbl13\Desktop\logan_reg\libs\niftyReg\niftyreg-git\niftyreg-build\reg-lib\cuda\Release\_reg_cudainfo.lib
