  Building NVCC (Device) object reg-lib/cuda/CMakeFiles/_reg_cuda_kernels.dir/Release/_reg_cuda_kernels_generated_affineDeformationKernel.cu.obj
  affineDeformationKernel.cu
  affineDeformationKernel.cu
C:\Users\wenbl13\Desktop\logan_reg\libs\niftyReg\niftyreg-git\reg-lib\cuda\affineDeformationKernel.cu(96): warning C4996: 'cudaThreadSynchronize': was declared deprecated
  Building NVCC (Device) object reg-lib/cuda/CMakeFiles/_reg_cuda_kernels.dir/Release/_reg_cuda_kernels_generated_blockMatchingKernel.cu.obj
  blockMatchingKernel.cu
C:\Users\wenbl13\Desktop\logan_reg\libs\niftyReg\niftyreg-git\reg-lib\cuda\blockMatchingKernel.cu(125): warning : function "tex1Dfetch(texture<T, 1, cudaReadModeElementType>, int) [with T=int]"
  C:\Program Files\NVIDIA GPU Computing Toolkit\CUDA\v11.3\include\texture_fetch_functions.h(132): here was declared deprecated
  
C:\Users\wenbl13\Desktop\logan_reg\libs\niftyReg\niftyreg-git\reg-lib\cuda\blockMatchingKernel.cu(149): warning : function "tex1Dfetch(texture<T, 1, cudaReadModeElementType>, int) [with T=float]"
  C:\Program Files\NVIDIA GPU Computing Toolkit\CUDA\v11.3\include\texture_fetch_functions.h(132): here was declared deprecated
  
C:\Users\wenbl13\Desktop\logan_reg\libs\niftyReg\niftyreg-git\reg-lib\cuda\blockMatchingKernel.cu(160): warning : function "tex1Dfetch(texture<T, 1, cudaReadModeElementType>, int) [with T=float]"
  C:\Program Files\NVIDIA GPU Computing Toolkit\CUDA\v11.3\include\texture_fetch_functions.h(132): here was declared deprecated
  
C:\Users\wenbl13\Desktop\logan_reg\libs\niftyReg\niftyreg-git\reg-lib\cuda\blockMatchingKernel.cu(439): warning : function "tex1Dfetch(texture<T, 1, cudaReadModeElementType>, int) [with T=int]"
  C:\Program Files\NVIDIA GPU Computing Toolkit\CUDA\v11.3\include\texture_fetch_functions.h(132): here was declared deprecated
  
C:\Users\wenbl13\Desktop\logan_reg\libs\niftyReg\niftyreg-git\reg-lib\cuda\blockMatchingKernel.cu(467): warning : function "tex1Dfetch(texture<T, 1, cudaReadModeElementType>, int) [with T=float]"
  C:\Program Files\NVIDIA GPU Computing Toolkit\CUDA\v11.3\include\texture_fetch_functions.h(132): here was declared deprecated
  
C:\Users\wenbl13\Desktop\logan_reg\libs\niftyReg\niftyreg-git\reg-lib\cuda\blockMatchingKernel.cu(481): warning : function "tex1Dfetch(texture<T, 1, cudaReadModeElementType>, int) [with T=float]"
  C:\Program Files\NVIDIA GPU Computing Toolkit\CUDA\v11.3\include\texture_fetch_functions.h(132): here was declared deprecated
  
  blockMatchingKernel.cu
C:\Users\wenbl13\Desktop\logan_reg\libs\niftyReg\niftyreg-git\reg-lib\cuda\blockMatchingKernel.cu(577): warning C4996: 'cudaBindTexture': was declared deprecated
C:\Users\wenbl13\Desktop\logan_reg\libs\niftyReg\niftyreg-git\reg-lib\cuda\blockMatchingKernel.cu(578): warning C4996: 'cudaBindTexture': was declared deprecated
C:\Users\wenbl13\Desktop\logan_reg\libs\niftyReg\niftyreg-git\reg-lib\cuda\blockMatchingKernel.cu(579): warning C4996: 'cudaBindTexture': was declared deprecated
C:\Users\wenbl13\Desktop\logan_reg\libs\niftyReg\niftyreg-git\reg-lib\cuda\blockMatchingKernel.cu(629): warning C4996: 'cudaThreadSynchronize': was declared deprecated
C:\Users\wenbl13\Desktop\logan_reg\libs\niftyReg\niftyreg-git\reg-lib\cuda\blockMatchingKernel.cu(634): warning C4996: 'cudaUnbindTexture': was declared deprecated
C:\Users\wenbl13\Desktop\logan_reg\libs\niftyReg\niftyreg-git\reg-lib\cuda\blockMatchingKernel.cu(635): warning C4996: 'cudaUnbindTexture': was declared deprecated
C:\Users\wenbl13\Desktop\logan_reg\libs\niftyReg\niftyreg-git\reg-lib\cuda\blockMatchingKernel.cu(636): warning C4996: 'cudaUnbindTexture': was declared deprecated
C:/Program Files/NVIDIA GPU Computing Toolkit/CUDA/v11.3/include\cuda_runtime.h(1451): warning C4996: 'cudaBindTexture': was declared deprecated
  C:\Users\wenbl13\Desktop\logan_reg\libs\niftyReg\niftyreg-git\reg-lib\cuda\blockMatchingKernel.cu(577): note: see reference to function template instantiation 'cudaError_t cudaBindTexture<float,1,cudaReadModeElementType>(size_t *,const texture<float,1,cudaReadModeElementType> &,const void *,size_t)' being compiled
C:/Program Files/NVIDIA GPU Computing Toolkit/CUDA/v11.3/include\cuda_runtime.h(1770): warning C4996: 'cudaUnbindTexture': was declared deprecated
  C:\Users\wenbl13\Desktop\logan_reg\libs\niftyReg\niftyreg-git\reg-lib\cuda\blockMatchingKernel.cu(634): note: see reference to function template instantiation 'cudaError_t cudaUnbindTexture<float,1,cudaReadModeElementType>(const texture<float,1,cudaReadModeElementType> &)' being compiled
C:/Program Files/NVIDIA GPU Computing Toolkit/CUDA/v11.3/include\cuda_runtime.h(1406): warning C4996: 'cudaBindTexture': was declared deprecated
  C:/Program Files/NVIDIA GPU Computing Toolkit/CUDA/v11.3/include\cuda_runtime.h(1451): note: see reference to function template instantiation 'cudaError_t cudaBindTexture<float,1,cudaReadModeElementType>(size_t *,const texture<float,1,cudaReadModeElementType> &,const void *,const cudaChannelFormatDesc &,size_t)' being compiled
  C:\Users\wenbl13\Desktop\logan_reg\libs\niftyReg\niftyreg-git\reg-lib\cuda\blockMatchingKernel.cu(577): note: see reference to function template instantiation 'cudaError_t cudaBindTexture<float,1,cudaReadModeElementType>(size_t *,const texture<float,1,cudaReadModeElementType> &,const void *,size_t)' being compiled
  Building NVCC (Device) object reg-lib/cuda/CMakeFiles/_reg_cuda_kernels.dir/Release/_reg_cuda_kernels_generated_resampleKernel.cu.obj
  resampleKernel.cu
  resampleKernel.cu
C:\Users\wenbl13\Desktop\logan_reg\libs\niftyReg\niftyreg-git\reg-lib\cuda\resampleKernel.cu(443): warning C4996: 'cudaThreadSynchronize': was declared deprecated
  Building Custom Rule C:/Users/wenbl13/Desktop/logan_reg/libs/niftyReg/niftyreg-git/reg-lib/cuda/CMakeLists.txt
  CMake is re-running because C:/Users/wenbl13/Desktop/logan_reg/libs/niftyReg/niftyreg-git/niftyreg-build/reg-lib/cuda/CMakeFiles/generate.stamp is out-of-date.
    the file 'C:/Users/wenbl13/Desktop/logan_reg/libs/niftyReg/niftyreg-git/niftyreg-build/reg-lib/cuda/CMakeFiles/_reg_cuda_kernels.dir/_reg_cuda_kernels_generated_affineDeformationKernel.cu.obj.depend'
    is newer than 'C:/Users/wenbl13/Desktop/logan_reg/libs/niftyReg/niftyreg-git/niftyreg-build/reg-lib/cuda/CMakeFiles/generate.stamp.depend'
    result='-1'
  CMake Warning (dev) at CMakeLists.txt:1 (project):
    cmake_minimum_required() should be called prior to this top-level project()
    call.  Please see the cmake-commands(7) manual for usage documentation of
    both commands.
  This warning is for project developers.  Use -Wno-dev to suppress it.
  
  -- Selecting Windows SDK version 10.0.22000.0 to target Windows 10.0.19044.
  -- Found Git
  -- Found OpenMP
  -- Found CUDA (v11.3) and a CUDA-enabled card (capability 86)
  -- Could NOT find Doxygen (missing: DOXYGEN_EXECUTABLE) 
  -- Configuring done (3.3s)
  -- Generating done (1.2s)
  -- Build files have been written to: C:/Users/wenbl13/Desktop/logan_reg/libs/niftyReg/niftyreg-git/niftyreg-build
  CUDAContextSingletton.cpp
  CUDAAladinContent.cpp
  CUDAKernelFactory.cpp
  CUDAAffineDeformationFieldKernel.cpp
  CUDABlockMatchingKernel.cpp
  CUDAConvolutionKernel.cpp
  CUDAOptimiseKernel.cpp
  CUDAResampleImageKernel.cpp
  AladinContent.cpp
  Platform.cpp
  Generating Code...
  _reg_cuda_kernels.vcxproj -> C:\Users\wenbl13\Desktop\logan_reg\libs\niftyReg\niftyreg-git\niftyreg-build\reg-lib\cuda\Release\_reg_cuda_kernels.lib
